Removed Pin From Net: NetName=NetR4_2 Pin=R5-1
Removed Pin From Net: NetName=NetL1_2 Pin=R5-2
Added Component: Designator=R?(RES0805)
Add component (AddParameter): Name = "ClassName"; Value = "DCDC"; VariantName = "[No Variations]"
Added Component: Designator=R?(МЛТ-0.125)
Add component (AddParameter): Name = "ClassName"; Value = "DCDC"; VariantName = "[No Variations]"
Added Pin To Net: NetName=NetR4_2 Pin=R?-1
Added Pin To Net: NetName=NetR4_2 Pin=R?-1
Added Pin To Net: NetName=NetL1_2 Pin=R?-2
Added Pin To Net: NetName=NetL1_2 Pin=R?-2
Added Member To Class: ClassName=DCDC Member=Component C1 10nF
Added Member To Class: ClassName=Принципиальная схема 468353_001 Member=Component C1 10nF
Added Member To Class: ClassName=DCDC Member=Component C2 100nF
Added Member To Class: ClassName=Принципиальная схема 468353_001 Member=Component C2 100nF
Added Member To Class: ClassName=DCDC Member=Component C3 100nF
Added Member To Class: ClassName=Принципиальная схема 468353_001 Member=Component C3 100nF
Added Member To Class: ClassName=DCDC Member=Component C4 100nF
Added Member To Class: ClassName=Принципиальная схема 468353_001 Member=Component C4 100nF
Added Member To Class: ClassName=DCDC Member=Component C5 47uF
Added Member To Class: ClassName=Принципиальная схема 468353_001 Member=Component C5 47uF
Added Member To Class: ClassName=DCDC Member=Component C6 47uF
Added Member To Class: ClassName=Принципиальная схема 468353_001 Member=Component C6 47uF
Added Member To Class: ClassName=DCDC Member=Component C7 100nF
Added Member To Class: ClassName=Принципиальная схема 468353_001 Member=Component C7 100nF
Added Member To Class: ClassName=DCDC Member=Component L1 10uH
Added Member To Class: ClassName=Принципиальная схема 468353_001 Member=Component L1 10uH
Added Member To Class: ClassName=DCDC Member=Component R1 20k
Added Member To Class: ClassName=Принципиальная схема 468353_001 Member=Component R1 20k
Added Member To Class: ClassName=DCDC Member=Component R2 500k
Added Member To Class: ClassName=Принципиальная схема 468353_001 Member=Component R2 500k
Added Member To Class: ClassName=DCDC Member=Component R3 100k
Added Member To Class: ClassName=Принципиальная схема 468353_001 Member=Component R3 100k
Added Member To Class: ClassName=DCDC Member=Component R4 51k
Added Member To Class: ClassName=Принципиальная схема 468353_001 Member=Component R4 51k
Added Member To Class: ClassName=DCDC Member=Component R6 7.5k
Added Member To Class: ClassName=Принципиальная схема 468353_001 Member=Component R6 7.5k
Added Member To Class: ClassName=DCDC Member=Component R? 41.2k
Added Member To Class: ClassName=DCDC Member=Component R? 41.2k
Added Member To Class: ClassName=Принципиальная схема 468353_001 Member=Component R? 41.2k
Added Member To Class: ClassName=Принципиальная схема 468353_001 Member=Component R? 41.2k
Added Member To Class: ClassName=Принципиальная схема 468353_001 Member=Component S1
Added Member To Class: ClassName=DCDC Member=Component U1 MP9943GQ-Z
Added Member To Class: ClassName=Принципиальная схема 468353_001 Member=Component U1 MP9943GQ-Z
