Added Pin To Net: NetName=GND Pin=X2-1
Added Pin To Net: NetName=GND Pin=X5-1
Added Pin To Net: NetName=GND Pin=X6-1
Added Pin To Net: NetName=+5 Pin=X6-3
Added Pin To Net: NetName=GND Pin=X7-1
Added Pin To Net: NetName=GND Pin=X11-1
Added Pin To Net: NetName=AV 2 Pin=X7-4
Added Net: Name=AV 2
Added Pin To Net: NetName=Motor Pin=X2-2
Added Pin To Net: NetName=Motor Pin=X5-2
Added Pin To Net: NetName=Motor Pin=X11-2
Added Net: Name=Motor
Added Pin To Net: NetName=NeoPix Pin=X2-4
Added Pin To Net: NetName=NeoPix Pin=X5-4
Added Net: Name=NeoPix
Added Pin To Net: NetName=SCL Pin=X6-5
Added Net: Name=SCL
Added Pin To Net: NetName=SDA Pin=X6-4
Added Net: Name=SDA
Added Pin To Net: NetName=ServoH Pin=X7-2
Added Pin To Net: NetName=ServoH Pin=X11-5
Added Net: Name=ServoH
Added Pin To Net: NetName=ServoL Pin=X2-3
Added Pin To Net: NetName=ServoL Pin=X11-3
Added Net: Name=ServoL
Added Pin To Net: NetName=ServoR Pin=X5-3
Added Pin To Net: NetName=ServoR Pin=X11-4
Added Net: Name=ServoR
Added Pin To Net: NetName=ServoV Pin=X7-3
Added Pin To Net: NetName=ServoV Pin=X11-6
Added Net: Name=ServoV
Added Pin To Net: NetName=Voltage Pin=X6-2
Added Net: Name=Voltage
