Add Component: Footprint Not Found CAPC2012X10N
Add Component: Footprint Not Found CAPC2012X10N
Add Component: Footprint Not Found CAPC2012X10N
Add Component: Footprint Not Found CAPC2012X10N
Add Component: Footprint Not Found CAPC2012X10N
Add Component: Footprint Not Found CAPC2012X10N
Add Component: Footprint Not Found CAPC2012X10N
Add Component: Footprint Not Found CAPC2012X10N
Add Component: Footprint Not Found CAPC2012X10N
Add Component: Footprint Not Found FP-ESP32-WROVER-MFG
Add Component: Footprint Not Found CH340K no bed
Add Component: Footprint Not Found SOT95P280X130-5N
Add Component: Footprint Not Found IS-QFN-24_V
Add Component: Footprint Not Found FP-QMC5883L
Add Component: Footprint Not Found LED 0805
Add Component: Footprint Not Found RES0805
Add Component: Footprint Not Found RES0805
Add Component: Footprint Not Found RES0805
Add Component: Footprint Not Found RES0805
Add Component: Footprint Not Found RES0805
Add Component: Footprint Not Found RES0805
Add Component: Footprint Not Found RES0805
Add Component: Footprint Not Found RES0805
Add Component: Footprint Not Found SD Card holder
Add Component: Footprint Not Found SOT-23
Add Component: Footprint Not Found SOT-23
Add Component: Footprint Not Found JST-SM08B-SRSS-TB_V
Add Component: Footprint Not Found JST-SM06B-SRSS-TB_V
Add Component: Footprint Not Found JST-SH04B
Add Component: Footprint Not Found JST-SH04B
Add Component: Footprint Not Found 61300311121
Add Component: Footprint Not Found 61300311121
Add Component: Footprint Not Found USB TYPE-C 12PIN
Added Net: Name=+3.3
Added Net: Name=+5
Added Net: Name=+5 usb
Added Net: Name=BOOT
Added Net: Name=CS
Added Net: Name=D+
Added Net: Name=D-
Added Net: Name=DTR
Added Net: Name=EN
Added Net: Name=G_RX
Added Net: Name=G_TX
Added Net: Name=GND
Added Net: Name=LED
Added Net: Name=M1
Added Net: Name=M2
Added Net: Name=M3
Added Net: Name=M4
Added Net: Name=M5
Added Net: Name=NetC4_1
Added Net: Name=NetC5_1
Added Net: Name=NetC7_1
Added Net: Name=NetC7_2
Added Net: Name=NetC8_1
Added Net: Name=NetHL1_2
Added Net: Name=NetR4_2
Added Net: Name=NetR5_2
Added Net: Name=NetR7_1
Added Net: Name=NetR8_1
Added Net: Name=R_RX
Added Net: Name=R_TX
Added Net: Name=RTS
Added Net: Name=RX0
Added Net: Name=SCK
Added Net: Name=SCL1
Added Net: Name=SCL2
Added Net: Name=SCL_FIFO
Added Net: Name=SD_CS
Added Net: Name=SDA1
Added Net: Name=SDA2
Added Net: Name=SDA_FIFO
Added Net: Name=SDI
Added Net: Name=SDO
Added Net: Name=TX0
Added Net: Name=Vbat
Added Class: Name=Принципиальная схема 466250_004
Added Rule: Name=Schematic Supply Nets
Added Rule: Name=Schematic Supply Nets_1
Added Rule: Name=Schematic Supply Nets_2
Added Rule: Name=Schematic Supply Nets_3
