Add Component: Footprint Not Found CAPC2012X10N
Add Component: Footprint Not Found CAPC2012X10N
Add Component: Footprint Not Found CAPC2012X10N
Add Component: Footprint Not Found CAPC2012X10N
Add Component: Footprint Not Found CAPC2012X10N
Add Component: Footprint Not Found CAPC2012X10N
Add Component: Footprint Not Found CAPC2012X10N
Add Component: Footprint Not Found CAPC2012X10N
Add Component: Footprint Not Found CAPC2012X10N
Add Component: Footprint Not Found FP-ESP32-WROVER-MFG
Add Component: Footprint Not Found CH340K no bed
Add Component: Footprint Not Found SOT95P280X130-5N
Add Component: Footprint Not Found IS-QFN-24_V
Add Component: Footprint Not Found FP-QMC5883L
Add Component: Footprint Not Found LED 0805
Add Component: Footprint Not Found RES0805
Add Component: Footprint Not Found RES0805
Add Component: Footprint Not Found RES0805
Add Component: Footprint Not Found RES0805
Add Component: Footprint Not Found RES0805
Add Component: Footprint Not Found RES0805
Add Component: Footprint Not Found RES0805
Add Component: Footprint Not Found RES0805
Add Component: Footprint Not Found SD Card holder
Add Component: Footprint Not Found SOT-23
Add Component: Footprint Not Found SOT-23
Add Component: Footprint Not Found JST-SM08B-SRSS-TB_V
Add Component: Footprint Not Found JST-SM06B-SRSS-TB_V
Add Component: Footprint Not Found JST-SH04B
Add Component: Footprint Not Found JST-SH04B
Add Component: Footprint Not Found 61300311121
Add Component: Footprint Not Found 61300311121
Add Component: Footprint Not Found USB TYPE-C 12PIN
Add Pin To Net: Unknown Pin: Pin C1-1
Add Pin To Net: Unknown Pin: Pin C1-2
Add Pin To Net: Unknown Pin: Pin C2-1
Add Pin To Net: Unknown Pin: Pin C2-2
Add Pin To Net: Unknown Pin: Pin C3-1
Add Pin To Net: Unknown Pin: Pin C3-2
Add Pin To Net: Unknown Pin: Pin C4-1
Add Pin To Net: Unknown Pin: Pin C4-2
Add Pin To Net: Unknown Pin: Pin C5-1
Add Pin To Net: Unknown Pin: Pin C5-2
Add Pin To Net: Unknown Pin: Pin C6-1
Add Pin To Net: Unknown Pin: Pin C6-2
Add Pin To Net: Unknown Pin: Pin C7-1
Add Pin To Net: Unknown Pin: Pin C7-2
Add Pin To Net: Unknown Pin: Pin C8-1
Add Pin To Net: Unknown Pin: Pin C8-2
Add Pin To Net: Unknown Pin: Pin C9-1
Add Pin To Net: Unknown Pin: Pin C9-2
Add Pin To Net: Unknown Pin: Pin D1-1
Add Pin To Net: Unknown Pin: Pin D1-2
Add Pin To Net: Unknown Pin: Pin D1-3
Add Pin To Net: Unknown Pin: Pin D1-5
Add Pin To Net: Unknown Pin: Pin D1-6
Add Pin To Net: Unknown Pin: Pin D1-7
Add Pin To Net: Unknown Pin: Pin D1-8
Add Pin To Net: Unknown Pin: Pin D1-9
Add Pin To Net: Unknown Pin: Pin D1-10
Add Pin To Net: Unknown Pin: Pin D1-11
Add Pin To Net: Unknown Pin: Pin D1-12
Add Pin To Net: Unknown Pin: Pin D1-13
Add Pin To Net: Unknown Pin: Pin D1-14
Add Pin To Net: Unknown Pin: Pin D1-15
Add Pin To Net: Unknown Pin: Pin D1-16
Add Pin To Net: Unknown Pin: Pin D1-23
Add Pin To Net: Unknown Pin: Pin D1-24
Add Pin To Net: Unknown Pin: Pin D1-25
Add Pin To Net: Unknown Pin: Pin D1-29
Add Pin To Net: Unknown Pin: Pin D1-31
Add Pin To Net: Unknown Pin: Pin D1-33
Add Pin To Net: Unknown Pin: Pin D1-34
Add Pin To Net: Unknown Pin: Pin D1-35
Add Pin To Net: Unknown Pin: Pin D1-36
Add Pin To Net: Unknown Pin: Pin D1-37
Add Pin To Net: Unknown Pin: Pin D1-38
Add Pin To Net: Unknown Pin: Pin D1-39
Add Pin To Net: Unknown Pin: Pin D2-1
Add Pin To Net: Unknown Pin: Pin D2-2
Add Pin To Net: Unknown Pin: Pin D2-3
Add Pin To Net: Unknown Pin: Pin D2-4
Add Pin To Net: Unknown Pin: Pin D2-6
Add Pin To Net: Unknown Pin: Pin D2-7
Add Pin To Net: Unknown Pin: Pin D2-8
Add Pin To Net: Unknown Pin: Pin D2-9
Add Pin To Net: Unknown Pin: Pin D2-10
Add Pin To Net: Unknown Pin: Pin DA1-1
Add Pin To Net: Unknown Pin: Pin DA1-2
Add Pin To Net: Unknown Pin: Pin DA1-3
Add Pin To Net: Unknown Pin: Pin DA1-5
Add Pin To Net: Unknown Pin: Pin DD1-1
Add Pin To Net: Unknown Pin: Pin DD1-6
Add Pin To Net: Unknown Pin: Pin DD1-7
Add Pin To Net: Unknown Pin: Pin DD1-8
Add Pin To Net: Unknown Pin: Pin DD1-9
Add Pin To Net: Unknown Pin: Pin DD1-10
Add Pin To Net: Unknown Pin: Pin DD1-11
Add Pin To Net: Unknown Pin: Pin DD1-13
Add Pin To Net: Unknown Pin: Pin DD1-18
Add Pin To Net: Unknown Pin: Pin DD1-20
Add Pin To Net: Unknown Pin: Pin DD1-23
Add Pin To Net: Unknown Pin: Pin DD1-24
Add Pin To Net: Unknown Pin: Pin DD1-25
Add Pin To Net: Unknown Pin: Pin DD2-1
Add Pin To Net: Unknown Pin: Pin DD2-2
Add Pin To Net: Unknown Pin: Pin DD2-4
Add Pin To Net: Unknown Pin: Pin DD2-8
Add Pin To Net: Unknown Pin: Pin DD2-9
Add Pin To Net: Unknown Pin: Pin DD2-10
Add Pin To Net: Unknown Pin: Pin DD2-11
Add Pin To Net: Unknown Pin: Pin DD2-12
Add Pin To Net: Unknown Pin: Pin DD2-13
Add Pin To Net: Unknown Pin: Pin DD2-16
Add Pin To Net: Unknown Pin: Pin HL1-1
Add Pin To Net: Unknown Pin: Pin HL1-2
Add Pin To Net: Unknown Pin: Pin R1-1
Add Pin To Net: Unknown Pin: Pin R1-2
Add Pin To Net: Unknown Pin: Pin R2-1
Add Pin To Net: Unknown Pin: Pin R2-2
Add Pin To Net: Unknown Pin: Pin R3-1
Add Pin To Net: Unknown Pin: Pin R3-2
Add Pin To Net: Unknown Pin: Pin R4-1
Add Pin To Net: Unknown Pin: Pin R4-2
Add Pin To Net: Unknown Pin: Pin R5-1
Add Pin To Net: Unknown Pin: Pin R5-2
Add Pin To Net: Unknown Pin: Pin R6-1
Add Pin To Net: Unknown Pin: Pin R6-2
Add Pin To Net: Unknown Pin: Pin R7-1
Add Pin To Net: Unknown Pin: Pin R7-2
Add Pin To Net: Unknown Pin: Pin R8-1
Add Pin To Net: Unknown Pin: Pin R8-2
Add Pin To Net: Unknown Pin: Pin U1-4
Add Pin To Net: Unknown Pin: Pin U1-6
Add Pin To Net: Unknown Pin: Pin U1-SH
Add Pin To Net: Unknown Pin: Pin VT1-1
Add Pin To Net: Unknown Pin: Pin VT1-2
Add Pin To Net: Unknown Pin: Pin VT1-3
Add Pin To Net: Unknown Pin: Pin VT2-1
Add Pin To Net: Unknown Pin: Pin VT2-2
Add Pin To Net: Unknown Pin: Pin VT2-3
Add Pin To Net: Unknown Pin: Pin X1-1
Add Pin To Net: Unknown Pin: Pin X1-2
Add Pin To Net: Unknown Pin: Pin X1-3
Add Pin To Net: Unknown Pin: Pin X1-4
Add Pin To Net: Unknown Pin: Pin X1-5
Add Pin To Net: Unknown Pin: Pin X1-6
Add Pin To Net: Unknown Pin: Pin X2-1
Add Pin To Net: Unknown Pin: Pin X2-2
Add Pin To Net: Unknown Pin: Pin X2-3
Add Pin To Net: Unknown Pin: Pin X2-4
Add Pin To Net: Unknown Pin: Pin X2-5
Add Pin To Net: Unknown Pin: Pin X2-6
Add Pin To Net: Unknown Pin: Pin X3-1
Add Pin To Net: Unknown Pin: Pin X3-2
Add Pin To Net: Unknown Pin: Pin X3-3
Add Pin To Net: Unknown Pin: Pin X3-4
Add Pin To Net: Unknown Pin: Pin X4-1
Add Pin To Net: Unknown Pin: Pin X4-2
Add Pin To Net: Unknown Pin: Pin X4-3
Add Pin To Net: Unknown Pin: Pin X4-4
Add Pin To Net: Unknown Pin: Pin X5-1
Add Pin To Net: Unknown Pin: Pin X5-2
Add Pin To Net: Unknown Pin: Pin X5-3
Add Pin To Net: Unknown Pin: Pin X6-1
Add Pin To Net: Unknown Pin: Pin X6-2
Add Pin To Net: Unknown Pin: Pin X7-1
Add Pin To Net: Unknown Pin: Pin X7-2
Add Pin To Net: Unknown Pin: Pin X7-4
Add Pin To Net: Unknown Pin: Pin X7-5
Add Pin To Net: Unknown Pin: Pin X7-6
Add Pin To Net: Unknown Pin: Pin X7-7
Add Pin To Net: Unknown Pin: Pin X7-8
Add Pin To Net: Unknown Pin: Pin X7-9
Add Pin To Net: Unknown Pin: Pin X7-11
Add Pin To Net: Unknown Pin: Pin X7-12
Add Class Member: Failed to add class member : Component C1 100nF
Add Class Member: Failed to add class member : Component C2 10uF
Add Class Member: Failed to add class member : Component C3 10uF
Add Class Member: Failed to add class member : Component C4 2.2nF
Add Class Member: Failed to add class member : Component C5 100nF
Add Class Member: Failed to add class member : Component C6 100nF
Add Class Member: Failed to add class member : Component C7 220nF
Add Class Member: Failed to add class member : Component C8 4.7uF
Add Class Member: Failed to add class member : Component C9 10nF
Add Class Member: Failed to add class member : Component D1 ESP32-WROVER
Add Class Member: Failed to add class member : Component D2 CH340K
Add Class Member: Failed to add class member : Component DA1 XC6219B332MRN
Add Class Member: Failed to add class member : Component DD1 MPU-6050
Add Class Member: Failed to add class member : Component DD2 QMC5883L
Add Class Member: Failed to add class member : Component HL1 АЛС
Add Class Member: Failed to add class member : Component R1 10k
Add Class Member: Failed to add class member : Component R2 4.7k
Add Class Member: Failed to add class member : Component R3 4.7k
Add Class Member: Failed to add class member : Component R4 10k
Add Class Member: Failed to add class member : Component R5 10k
Add Class Member: Failed to add class member : Component R6 500
Add Class Member: Failed to add class member : Component R7 5.1k
Add Class Member: Failed to add class member : Component R8 5.1k
Add Class Member: Failed to add class member : Component U1 SD Card holder
Add Class Member: Failed to add class member : Component VT1 КТ3151
Add Class Member: Failed to add class member : Component VT2 КТ3151
Add Class Member: Failed to add class member : Component X1 Актуаторы
Add Class Member: Failed to add class member : Component X2 SPI интерфейс
Add Class Member: Failed to add class member : Component X3 GNSS UART
Add Class Member: Failed to add class member : Component X4 Трансивер UART
Add Class Member: Failed to add class member : Component X5 JST-3P
Add Class Member: Failed to add class member : Component X6 JST-3P
Add Class Member: Failed to add class member : Component X7 USB Type-C
