Added Component: Designator=C1(CAPC2012X10N)
Add component (AddParameter): Name = "ClassName"; Value = "IMU"; VariantName = "[No Variations]"
Added Component: Designator=C2(CAPC2012X10N)
Add component (AddParameter): Name = "ClassName"; Value = "Power"; VariantName = "[No Variations]"
Added Component: Designator=C3(CAPC2012X10N)
Add component (AddParameter): Name = "ClassName"; Value = "Power"; VariantName = "[No Variations]"
Added Component: Designator=C4(CAPC2012X10N)
Add component (AddParameter): Name = "ClassName"; Value = "IMU"; VariantName = "[No Variations]"
Added Component: Designator=C5(CAPC2012X10N)
Add component (AddParameter): Name = "ClassName"; Value = "IMU"; VariantName = "[No Variations]"
Added Component: Designator=C6(CAPC2012X10N)
Add component (AddParameter): Name = "ClassName"; Value = "Compass"; VariantName = "[No Variations]"
Added Component: Designator=C7(CAPC2012X10N)
Add component (AddParameter): Name = "ClassName"; Value = "Compass"; VariantName = "[No Variations]"
Added Component: Designator=C8(CAPC2012X10N)
Add component (AddParameter): Name = "ClassName"; Value = "Compass"; VariantName = "[No Variations]"
Added Component: Designator=C9(CAPC2012X10N)
Add component (AddParameter): Name = "ClassName"; Value = "Power"; VariantName = "[No Variations]"
Added Component: Designator=D1(FP-ESP32-WROVER-MFG)
Add component (AddParameter): Name = "Automotive"; Value = "No"; VariantName = "[No Variations]"
Add component (AddParameter): Name = "Bandwidth"; Value = "0.1GHz"; VariantName = "[No Variations]"
Add component (AddParameter): Name = "Category"; Value = "UNK"; VariantName = "[No Variations]"
Add component (AddParameter): Name = "ComponentLink2Description"; Value = "Datasheet"; VariantName = "[No Variations]"
Add component (AddParameter): Name = "ComponentLink2URL"; Value = "https://forum.upverter.com/uploads/default/original/3X/1/9/19ab4f33dd815ce1b2b0bb210f0ab7d5aab1dea3.pdf"; VariantName = "[No Variations]"
Add component (AddParameter): Name = "Data Rate"; Value = "150Mbits/s"; VariantName = "[No Variations]"
Add component (AddParameter): Name = "Device Class L1"; Value = "Integrated Circuits (ICs)"; VariantName = "[No Variations]"
Add component (AddParameter): Name = "Device Class L2"; Value = "RF Semiconductors and Devices"; VariantName = "[No Variations]"
Add component (AddParameter): Name = "Device Class L3"; Value = "Transceivers"; VariantName = "[No Variations]"
Add component (AddParameter): Name = "Digikey Description"; Value = "SMD MODULE, ESP32-D0WDQ6, 32MBIT"; VariantName = "[No Variations]"
Add component (AddParameter): Name = "Height"; Value = "3.4mm"; VariantName = "[No Variations]"
Add component (AddParameter): Name = "Interface"; Value = "I2C,SPI,UART,I2S,Other"; VariantName = "[No Variations]"
Add component (AddParameter): Name = "Lead Free"; Value = "Yes"; VariantName = "[No Variations]"
Add component (AddParameter): Name = "Manufacturer"; Value = "Espressif Systems"; VariantName = "[No Variations]"
Add component (AddParameter): Name = "Manufacturer Part Number"; Value = "ESP32-WROVER"; VariantName = "[No Variations]"
Add component (AddParameter): Name = "Max Frequency"; Value = "2.5GHz"; VariantName = "[No Variations]"
Add component (AddParameter): Name = "Max Supply Voltage"; Value = "3.6V"; VariantName = "[No Variations]"
Add component (AddParameter): Name = "Min Supply Voltage"; Value = "2.3V"; VariantName = "[No Variations]"
Add component (AddParameter): Name = "Mouser Description"; Value = "Bluetooth and Wi-Fi Module 2.4GHz to 2.5GHz 2.3V to 3.6V 38-Pin SMD Module"; VariantName = "[No Variations]"
Add component (AddParameter): Name = "Nominal Supply Current"; Value = "80mA"; VariantName = "[No Variations]"
Add component (AddParameter): Name = "Number Of Adc Channels"; Value = "16"; VariantName = "[No Variations]"
Add component (AddParameter): Name = "Number Of Gpio"; Value = "20"; VariantName = "[No Variations]"
Add component (AddParameter): Name = "Octopart"; Value = "https://octopart.com/esp32-wrover-espressif+systems-89171348"; VariantName = "[No Variations]"
Add component (AddParameter): Name = "Package"; Value = "ESP32-WROVER"; VariantName = "[No Variations]"
Add component (AddParameter): Name = "RoHS"; Value = "TRUE"; VariantName = "[No Variations]"
Add component (AddParameter): Name = "Sensitivity"; Value = "-98dBm"; VariantName = "[No Variations]"
Add component (AddParameter): Name = "Temperature"; Value = "-40°C to +85°C"; VariantName = "[No Variations]"
Add component (AddParameter): Name = "Temperature Range High"; Value = "+85°C"; VariantName = "[No Variations]"
Add component (AddParameter): Name = "Temperature Range Low"; Value = "-40°C"; VariantName = "[No Variations]"
Added Component: Designator=D2(CH340K no bed)
Added Component: Designator=DA1(SOT95P280X130-5N)
Add component (AddParameter): Name = "Arrow Part Number"; Value = ""; VariantName = "[No Variations]"
Add component (AddParameter): Name = "Arrow Price/Stock"; Value = ""; VariantName = "[No Variations]"
Add component (AddParameter): Name = "ClassName"; Value = "Power"; VariantName = "[No Variations]"
Add component (AddParameter): Name = "Datasheet Link"; Value = "https://componentsearchengine.com/Datasheets/2/XC6219B332MRN.pdf"; VariantName = "[No Variations]"
Add component (AddParameter): Name = "Height"; Value = "1.3mm"; VariantName = "[No Variations]"
Add component (AddParameter): Name = "Manufacturer_Name"; Value = "Torex"; VariantName = "[No Variations]"
Add component (AddParameter): Name = "Manufacturer_Part_Number"; Value = "XC6219B332MRN"; VariantName = "[No Variations]"
Add component (AddParameter): Name = "Mouser Part Number"; Value = ""; VariantName = "[No Variations]"
Add component (AddParameter): Name = "Mouser Price/Stock"; Value = ""; VariantName = "[No Variations]"
Added Component: Designator=DD1(IS-QFN-24_V)
Add component (AddParameter): Name = "Category"; Value = "Sensors,Transducers"; VariantName = "[No Variations]"
Add component (AddParameter): Name = "ClassName"; Value = "IMU"; VariantName = "[No Variations]"
Add component (AddParameter): Name = "Datasheet URL"; Value = "http://datasheet.octopart.com/MPU-6050-InvenSense-datasheet-14421344.pdf"; VariantName = "[No Variations]"
Add component (AddParameter): Name = "Datasheet Version"; Value = "Rev. 3.3, 05/2012"; VariantName = "[No Variations]"
Add component (AddParameter): Name = "Dynamic Catalog"; Value = "MPU-6000™Series"; VariantName = "[No Variations]"
Add component (AddParameter): Name = "Family"; Value = "Multifunction"; VariantName = "[No Variations]"
Add component (AddParameter): Name = "Featured Product"; Value = "MPU-60506-Axis,IntegratedI?CSolution"; VariantName = "[No Variations]"
Add component (AddParameter): Name = "Manufacturer"; Value = "InvenSense"; VariantName = "[No Variations]"
Add component (AddParameter): Name = "Manufacturer URL"; Value = "http://www.invensense.com/"; VariantName = "[No Variations]"
Add component (AddParameter): Name = "Online Catalog"; Value = "MPU-6000™Series"; VariantName = "[No Variations]"
Add component (AddParameter): Name = "Other Names"; Value = "1428-1007-2
MPU6050"; VariantName = "[No Variations]"
Add component (AddParameter): Name = "Output Type"; Value = "Digital"; VariantName = "[No Variations]"
Add component (AddParameter): Name = "Parameter 1"; Value = ""; VariantName = "[No Variations]"
Add component (AddParameter): Name = "Sensor Type"; Value = "MotionTracking"; VariantName = "[No Variations]"
Add component (AddParameter): Name = "Standard Package"; Value = "5,000"; VariantName = "[No Variations]"
Add component (AddParameter): Name = "Unit PriceUSD"; Value = "Digital"; VariantName = "[No Variations]"
Added Component: Designator=DD2(FP-QMC5883L)
Add component (AddParameter): Name = "Case/Package"; Value = "LCC"; VariantName = "[No Variations]"
Add component (AddParameter): Name = "ClassName"; Value = "Compass"; VariantName = "[No Variations]"
Add component (AddParameter): Name = "Interface"; Value = "I2C"; VariantName = "[No Variations]"
Add component (AddParameter): Name = "Max Operating Temperature"; Value = "85°C"; VariantName = "[No Variations]"
Add component (AddParameter): Name = "Max Supply Voltage"; Value = "3.6V"; VariantName = "[No Variations]"
Add component (AddParameter): Name = "Min Operating Temperature"; Value = "-30°C"; VariantName = "[No Variations]"
Add component (AddParameter): Name = "Min Supply Voltage"; Value = "2.16V"; VariantName = "[No Variations]"
Add component (AddParameter): Name = "Number of Pins"; Value = "16"; VariantName = "[No Variations]"
Add component (AddParameter): Name = "Operating Supply Current"; Value = "100uA"; VariantName = "[No Variations]"
Add component (AddParameter): Name = "Operating Supply Voltage"; Value = "2.5V"; VariantName = "[No Variations]"
Add component (AddParameter): Name = "Package Quantity"; Value = "4000"; VariantName = "[No Variations]"
Add component (AddParameter): Name = "Packaging"; Value = "Tape and Reel"; VariantName = "[No Variations]"
Add component (AddParameter): Name = "Radiation Hardening"; Value = "No"; VariantName = "[No Variations]"
Add component (AddParameter): Name = "REACH SVHC"; Value = "No SVHC"; VariantName = "[No Variations]"
Added Component: Designator=HL1(LED 0805)
Added Component: Designator=R1(RES0805)
Add component (AddParameter): Name = "ClassName"; Value = ""; VariantName = "[No Variations]"
Added Component: Designator=R2(RES0805)
Add component (AddParameter): Name = "ClassName"; Value = ""; VariantName = "[No Variations]"
Added Component: Designator=R3(RES0805)
Add component (AddParameter): Name = "ClassName"; Value = ""; VariantName = "[No Variations]"
Added Component: Designator=R4(RES0805)
Add component (AddParameter): Name = "ClassName"; Value = ""; VariantName = "[No Variations]"
Added Component: Designator=R5(RES0805)
Add component (AddParameter): Name = "ClassName"; Value = ""; VariantName = "[No Variations]"
Added Component: Designator=R6(RES0805)
Add component (AddParameter): Name = "ClassName"; Value = ""; VariantName = "[No Variations]"
Added Component: Designator=R7(RES0805)
Add component (AddParameter): Name = "ClassName"; Value = ""; VariantName = "[No Variations]"
Added Component: Designator=R8(RES0805)
Add component (AddParameter): Name = "ClassName"; Value = ""; VariantName = "[No Variations]"
Added Component: Designator=U1(SD Card holder)
Added Component: Designator=VT1(SOT-23)
Add component (AddParameter): Name = "Case/Package"; Value = "TO-236-3"; VariantName = "[No Variations]"
Add component (AddParameter): Name = "ClassName"; Value = ""; VariantName = "[No Variations]"
Add component (AddParameter): Name = "Collector Emitter Breakdown Voltage"; Value = "25V"; VariantName = "[No Variations]"
Add component (AddParameter): Name = "Collector Emitter Voltage (VCEO)"; Value = "400mV"; VariantName = "[No Variations]"
Add component (AddParameter): Name = "Max Breakdown Voltage"; Value = "25V"; VariantName = "[No Variations]"
Add component (AddParameter): Name = "Max Collector Current"; Value = "1.5A"; VariantName = "[No Variations]"
Add component (AddParameter): Name = "Max Power Dissipation"; Value = "300mW"; VariantName = "[No Variations]"
Add component (AddParameter): Name = "Mount"; Value = "Surface Mount"; VariantName = "[No Variations]"
Add component (AddParameter): Name = "Packaging"; Value = "Tape and Reel"; VariantName = "[No Variations]"
Add component (AddParameter): Name = "RoHS Compliant"; Value = "Yes"; VariantName = "[No Variations]"
Add component (AddParameter): Name = "Transition Frequency"; Value = "100MHz"; VariantName = "[No Variations]"
Added Component: Designator=VT2(SOT-23)
Add component (AddParameter): Name = "Case/Package"; Value = "TO-236-3"; VariantName = "[No Variations]"
Add component (AddParameter): Name = "ClassName"; Value = ""; VariantName = "[No Variations]"
Add component (AddParameter): Name = "Collector Emitter Breakdown Voltage"; Value = "25V"; VariantName = "[No Variations]"
Add component (AddParameter): Name = "Collector Emitter Voltage (VCEO)"; Value = "400mV"; VariantName = "[No Variations]"
Add component (AddParameter): Name = "Max Breakdown Voltage"; Value = "25V"; VariantName = "[No Variations]"
Add component (AddParameter): Name = "Max Collector Current"; Value = "1.5A"; VariantName = "[No Variations]"
Add component (AddParameter): Name = "Max Power Dissipation"; Value = "300mW"; VariantName = "[No Variations]"
Add component (AddParameter): Name = "Mount"; Value = "Surface Mount"; VariantName = "[No Variations]"
Add component (AddParameter): Name = "Packaging"; Value = "Tape and Reel"; VariantName = "[No Variations]"
Add component (AddParameter): Name = "RoHS Compliant"; Value = "Yes"; VariantName = "[No Variations]"
Add component (AddParameter): Name = "Transition Frequency"; Value = "100MHz"; VariantName = "[No Variations]"
Added Component: Designator=X1(JST-SM08B-SRSS-TB_V)
Add component (AddParameter): Name = "Net1"; Value = "GND"; VariantName = "[No Variations]"
Add component (AddParameter): Name = "Net2"; Value = "Мотор 1"; VariantName = "[No Variations]"
Add component (AddParameter): Name = "Net3"; Value = "Серво 1"; VariantName = "[No Variations]"
Add component (AddParameter): Name = "Net4"; Value = "Серво 2"; VariantName = "[No Variations]"
Add component (AddParameter): Name = "Net5"; Value = "Серво 3"; VariantName = "[No Variations]"
Add component (AddParameter): Name = "Net6"; Value = "Серво 4"; VariantName = "[No Variations]"
Add component (AddParameter): Name = "Net7"; Value = "-"; VariantName = "[No Variations]"
Add component (AddParameter): Name = "Net8"; Value = "Изм. тока"; VariantName = "[No Variations]"
Added Component: Designator=X2(JST-SM06B-SRSS-TB_V)
Add component (AddParameter): Name = "Net1"; Value = ""; VariantName = "[No Variations]"
Add component (AddParameter): Name = "Net2"; Value = ""; VariantName = "[No Variations]"
Add component (AddParameter): Name = "Net3"; Value = ""; VariantName = "[No Variations]"
Add component (AddParameter): Name = "Net4"; Value = ""; VariantName = "[No Variations]"
Add component (AddParameter): Name = "Net5"; Value = ""; VariantName = "[No Variations]"
Add component (AddParameter): Name = "Net6"; Value = ""; VariantName = "[No Variations]"
Added Component: Designator=X3(JST-SH04B)
Add component (AddParameter): Name = "Net1"; Value = "GND"; VariantName = "[No Variations]"
Add component (AddParameter): Name = "Net2"; Value = "+5V"; VariantName = "[No Variations]"
Add component (AddParameter): Name = "Net3"; Value = "RX"; VariantName = "[No Variations]"
Add component (AddParameter): Name = "Net4"; Value = "TX"; VariantName = "[No Variations]"
Added Component: Designator=X4(JST-SH04B)
Add component (AddParameter): Name = "Net1"; Value = "GND"; VariantName = "[No Variations]"
Add component (AddParameter): Name = "Net2"; Value = "+5V"; VariantName = "[No Variations]"
Add component (AddParameter): Name = "Net3"; Value = "RX"; VariantName = "[No Variations]"
Add component (AddParameter): Name = "Net4"; Value = "TX"; VariantName = "[No Variations]"
Added Component: Designator=X5(61300311121)
Add component (AddParameter): Name = "Net1"; Value = "GND"; VariantName = "[No Variations]"
Add component (AddParameter): Name = "Net2"; Value = "Voltage"; VariantName = "[No Variations]"
Add component (AddParameter): Name = "Net3"; Value = "+5V"; VariantName = "[No Variations]"
Added Component: Designator=X6(61300311121)
Add component (AddParameter): Name = "Net1"; Value = "I2C SDA"; VariantName = "[No Variations]"
Add component (AddParameter): Name = "Net2"; Value = "I2C SCL"; VariantName = "[No Variations]"
Add component (AddParameter): Name = "Net3"; Value = "NC"; VariantName = "[No Variations]"
Added Component: Designator=X7(USB TYPE-C 12PIN)
Add component (AddParameter): Name = "ComponentKind"; Value = ""; VariantName = "[No Variations]"
Add component (AddParameter): Name = "HelpURL"; Value = ""; VariantName = "[No Variations]"
Add component (AddParameter): Name = "Manufacturer"; Value = ""; VariantName = "[No Variations]"
Add component (AddParameter): Name = "Model"; Value = ""; VariantName = "[No Variations]"
Added Pin To Net: NetName=+3.3 Pin=C1-1
Added Pin To Net: NetName=GND Pin=C1-2
Added Pin To Net: NetName=+5 Pin=C2-1
Added Pin To Net: NetName=GND Pin=C2-2
Added Pin To Net: NetName=+3.3 Pin=C3-1
Added Pin To Net: NetName=GND Pin=C3-2
Added Pin To Net: NetName=NetC4_1 Pin=C4-1
Added Pin To Net: NetName=GND Pin=C4-2
Added Pin To Net: NetName=NetC5_1 Pin=C5-1
Added Pin To Net: NetName=GND Pin=C5-2
Added Pin To Net: NetName=+3.3 Pin=C6-1
Added Pin To Net: NetName=GND Pin=C6-2
Added Pin To Net: NetName=NetC7_1 Pin=C7-1
Added Pin To Net: NetName=NetC7_2 Pin=C7-2
Added Pin To Net: NetName=NetC8_1 Pin=C8-1
Added Pin To Net: NetName=GND Pin=C8-2
Added Pin To Net: NetName=+3.3 Pin=C9-1
Added Pin To Net: NetName=GND Pin=C9-2
Added Pin To Net: NetName=GND Pin=D1-1
Added Pin To Net: NetName=+3.3 Pin=D1-2
Added Pin To Net: NetName=EN Pin=D1-3
Added Pin To Net: NetName=Vbat Pin=D1-5
Added Pin To Net: NetName=R_RX Pin=D1-6
Added Pin To Net: NetName=G_RX Pin=D1-7
Added Pin To Net: NetName=G_TX Pin=D1-8
Added Pin To Net: NetName=SD_CS Pin=D1-9
Added Pin To Net: NetName=M5 Pin=D1-10
Added Pin To Net: NetName=M3 Pin=D1-11
Added Pin To Net: NetName=M4 Pin=D1-12
Added Pin To Net: NetName=M2 Pin=D1-13
Added Pin To Net: NetName=R_TX Pin=D1-14
Added Pin To Net: NetName=GND Pin=D1-15
Added Pin To Net: NetName=M1 Pin=D1-16
Added Pin To Net: NetName=LED Pin=D1-23
Added Pin To Net: NetName=SDA2 Pin=D1-24
Added Pin To Net: NetName=BOOT Pin=D1-25
Added Pin To Net: NetName=CS Pin=D1-29
Added Pin To Net: NetName=SDI Pin=D1-31
Added Pin To Net: NetName=SDA1 Pin=D1-33
Added Pin To Net: NetName=RX0 Pin=D1-34
Added Pin To Net: NetName=TX0 Pin=D1-35
Added Pin To Net: NetName=SCL1 Pin=D1-36
Added Pin To Net: NetName=SDO Pin=D1-37
Added Pin To Net: NetName=GND Pin=D1-38
Added Pin To Net: NetName=GND Pin=D1-39
Added Pin To Net: NetName=D+ Pin=D2-1
Added Pin To Net: NetName=D- Pin=D2-2
Added Pin To Net: NetName=GND Pin=D2-3
Added Pin To Net: NetName=DTR Pin=D2-4
Added Pin To Net: NetName=RTS Pin=D2-6
Added Pin To Net: NetName=+3.3 Pin=D2-7
Added Pin To Net: NetName=RX0 Pin=D2-8
Added Pin To Net: NetName=TX0 Pin=D2-9
Added Pin To Net: NetName=+3.3 Pin=D2-10
Added Pin To Net: NetName=+5 Pin=DA1-1
Added Pin To Net: NetName=GND Pin=DA1-2
Added Pin To Net: NetName=+5 Pin=DA1-3
Added Pin To Net: NetName=+3.3 Pin=DA1-5
Added Pin To Net: NetName=GND Pin=DD1-1
Added Pin To Net: NetName=SDA_FIFO Pin=DD1-6
Added Pin To Net: NetName=SCL_FIFO Pin=DD1-7
Added Pin To Net: NetName=+3.3 Pin=DD1-8
Added Pin To Net: NetName=GND Pin=DD1-9
Added Pin To Net: NetName=NetC5_1 Pin=DD1-10
Added Pin To Net: NetName=GND Pin=DD1-11
Added Pin To Net: NetName=+3.3 Pin=DD1-13
Added Pin To Net: NetName=GND Pin=DD1-18
Added Pin To Net: NetName=NetC4_1 Pin=DD1-20
Added Pin To Net: NetName=SCL1 Pin=DD1-23
Added Pin To Net: NetName=SDA1 Pin=DD1-24
Added Pin To Net: NetName=GND Pin=DD1-25
Added Pin To Net: NetName=SCL_FIFO Pin=DD2-1
Added Pin To Net: NetName=+3.3 Pin=DD2-2
Added Pin To Net: NetName=+3.3 Pin=DD2-4
Added Pin To Net: NetName=NetC7_1 Pin=DD2-8
Added Pin To Net: NetName=GND Pin=DD2-9
Added Pin To Net: NetName=NetC8_1 Pin=DD2-10
Added Pin To Net: NetName=GND Pin=DD2-11
Added Pin To Net: NetName=NetC7_2 Pin=DD2-12
Added Pin To Net: NetName=+3.3 Pin=DD2-13
Added Pin To Net: NetName=SDA_FIFO Pin=DD2-16
Added Pin To Net: NetName=LED Pin=HL1-1
Added Pin To Net: NetName=NetHL1_2 Pin=HL1-2
Added Pin To Net: NetName=EN Pin=R1-1
Added Pin To Net: NetName=+3.3 Pin=R1-2
Added Pin To Net: NetName=SDA1 Pin=R2-1
Added Pin To Net: NetName=+3.3 Pin=R2-2
Added Pin To Net: NetName=SCL1 Pin=R3-1
Added Pin To Net: NetName=+3.3 Pin=R3-2
Added Pin To Net: NetName=DTR Pin=R4-1
Added Pin To Net: NetName=NetR4_2 Pin=R4-2
Added Pin To Net: NetName=RTS Pin=R5-1
Added Pin To Net: NetName=NetR5_2 Pin=R5-2
Added Pin To Net: NetName=GND Pin=R6-1
Added Pin To Net: NetName=NetHL1_2 Pin=R6-2
Added Pin To Net: NetName=NetR7_1 Pin=R7-1
Added Pin To Net: NetName=GND Pin=R7-2
Added Pin To Net: NetName=NetR8_1 Pin=R8-1
Added Pin To Net: NetName=GND Pin=R8-2
Added Pin To Net: NetName=+3.3 Pin=U1-4
Added Pin To Net: NetName=GND Pin=U1-6
Added Pin To Net: NetName=GND Pin=U1-SH
Added Pin To Net: NetName=GND Pin=U1-SH
Added Pin To Net: NetName=GND Pin=U1-SH
Added Pin To Net: NetName=GND Pin=U1-SH
Added Pin To Net: NetName=NetR4_2 Pin=VT1-1
Added Pin To Net: NetName=RTS Pin=VT1-2
Added Pin To Net: NetName=EN Pin=VT1-3
Added Pin To Net: NetName=NetR5_2 Pin=VT2-1
Added Pin To Net: NetName=DTR Pin=VT2-2
Added Pin To Net: NetName=BOOT Pin=VT2-3
Added Pin To Net: NetName=GND Pin=X1-1
Added Pin To Net: NetName=M1 Pin=X1-2
Added Pin To Net: NetName=M2 Pin=X1-3
Added Pin To Net: NetName=M3 Pin=X1-4
Added Pin To Net: NetName=M4 Pin=X1-5
Added Pin To Net: NetName=M5 Pin=X1-6
Added Pin To Net: NetName=GND Pin=X2-1
Added Pin To Net: NetName=+5 Pin=X2-2
Added Pin To Net: NetName=SDI Pin=X2-3
Added Pin To Net: NetName=SDO Pin=X2-4
Added Pin To Net: NetName=SCK Pin=X2-5
Added Pin To Net: NetName=CS Pin=X2-6
Added Pin To Net: NetName=GND Pin=X3-1
Added Pin To Net: NetName=+5 Pin=X3-2
Added Pin To Net: NetName=G_RX Pin=X3-3
Added Pin To Net: NetName=G_TX Pin=X3-4
Added Pin To Net: NetName=GND Pin=X4-1
Added Pin To Net: NetName=+5 Pin=X4-2
Added Pin To Net: NetName=R_RX Pin=X4-3
Added Pin To Net: NetName=R_TX Pin=X4-4
Added Pin To Net: NetName=GND Pin=X5-1
Added Pin To Net: NetName=Vbat Pin=X5-2
Added Pin To Net: NetName=+5 Pin=X5-3
Added Pin To Net: NetName=SDA2 Pin=X6-1
Added Pin To Net: NetName=SCL2 Pin=X6-2
Added Pin To Net: NetName=GND Pin=X7-1
Added Pin To Net: NetName=+5 usb Pin=X7-2
Added Pin To Net: NetName=NetR8_1 Pin=X7-4
Added Pin To Net: NetName=D- Pin=X7-5
Added Pin To Net: NetName=D+ Pin=X7-6
Added Pin To Net: NetName=D- Pin=X7-7
Added Pin To Net: NetName=D+ Pin=X7-8
Added Pin To Net: NetName=NetR7_1 Pin=X7-9
Added Pin To Net: NetName=+5 usb Pin=X7-11
Added Pin To Net: NetName=GND Pin=X7-12
Added Member To Class: ClassName=Принципиальная схема 466250_004 Member=Component C1 100nF
Added Member To Class: ClassName=Принципиальная схема 466250_004 Member=Component C2 10uF
Added Member To Class: ClassName=Принципиальная схема 466250_004 Member=Component C3 10uF
Added Member To Class: ClassName=Принципиальная схема 466250_004 Member=Component C4 2.2nF
Added Member To Class: ClassName=Принципиальная схема 466250_004 Member=Component C5 100nF
Added Member To Class: ClassName=Принципиальная схема 466250_004 Member=Component C6 100nF
Added Member To Class: ClassName=Принципиальная схема 466250_004 Member=Component C7 220nF
Added Member To Class: ClassName=Принципиальная схема 466250_004 Member=Component C8 4.7uF
Added Member To Class: ClassName=Принципиальная схема 466250_004 Member=Component C9 10nF
Added Member To Class: ClassName=Принципиальная схема 466250_004 Member=Component D1 ESP32-WROVER
Added Member To Class: ClassName=Принципиальная схема 466250_004 Member=Component D2 CH340K
Added Member To Class: ClassName=Принципиальная схема 466250_004 Member=Component DA1 XC6219B332MRN
Added Member To Class: ClassName=Принципиальная схема 466250_004 Member=Component DD1 MPU-6050
Added Member To Class: ClassName=Принципиальная схема 466250_004 Member=Component DD2 QMC5883L
Added Member To Class: ClassName=Принципиальная схема 466250_004 Member=Component HL1 АЛС
Added Member To Class: ClassName=Принципиальная схема 466250_004 Member=Component R1 10k
Added Member To Class: ClassName=Принципиальная схема 466250_004 Member=Component R2 4.7k
Added Member To Class: ClassName=Принципиальная схема 466250_004 Member=Component R3 4.7k
Added Member To Class: ClassName=Принципиальная схема 466250_004 Member=Component R4 10k
Added Member To Class: ClassName=Принципиальная схема 466250_004 Member=Component R5 10k
Added Member To Class: ClassName=Принципиальная схема 466250_004 Member=Component R6 500
Added Member To Class: ClassName=Принципиальная схема 466250_004 Member=Component R7 5.1k
Added Member To Class: ClassName=Принципиальная схема 466250_004 Member=Component R8 5.1k
Added Member To Class: ClassName=Принципиальная схема 466250_004 Member=Component U1 SD Card holder
Added Member To Class: ClassName=Принципиальная схема 466250_004 Member=Component VT1 КТ3151
Added Member To Class: ClassName=Принципиальная схема 466250_004 Member=Component VT2 КТ3151
Added Member To Class: ClassName=Принципиальная схема 466250_004 Member=Component X1 Актуаторы
Added Member To Class: ClassName=Принципиальная схема 466250_004 Member=Component X2 SPI интерфейс
Added Member To Class: ClassName=Принципиальная схема 466250_004 Member=Component X3 GNSS UART
Added Member To Class: ClassName=Принципиальная схема 466250_004 Member=Component X4 Трансивер UART
Added Member To Class: ClassName=Принципиальная схема 466250_004 Member=Component X5 JST-3P
Added Member To Class: ClassName=Принципиальная схема 466250_004 Member=Component X6 JST-3P
Added Member To Class: ClassName=Принципиальная схема 466250_004 Member=Component X7 USB Type-C
